#! /c/Source/iverilog-install/bin/vvp
:ivl_version "12.0 (devel)" "(s20150603-1110-g18392a46)";
:ivl_delay_selection "TYPICAL";
:vpi_time_precision + 0;
:vpi_module "C:\iverilog\lib\ivl\system.vpi";
:vpi_module "C:\iverilog\lib\ivl\vhdl_sys.vpi";
:vpi_module "C:\iverilog\lib\ivl\vhdl_textio.vpi";
:vpi_module "C:\iverilog\lib\ivl\v2005_math.vpi";
:vpi_module "C:\iverilog\lib\ivl\va_math.vpi";
S_000001bbb4226970 .scope module, "sum_cuatro_bit" "sum_cuatro_bit" 2 3;
 .timescale 0 0;
    .port_info 0 /INPUT 4 "a";
    .port_info 1 /INPUT 4 "b";
    .port_info 2 /INPUT 1 "ci";
    .port_info 3 /OUTPUT 1 "co";
    .port_info 4 /OUTPUT 4 "so";
v000001bbb42753c0_0 .net "C1", 0 0, L_000001bbb42170f0;  1 drivers
v000001bbb4274060_0 .net "C2", 0 0, L_000001bbb42764e0;  1 drivers
v000001bbb4274380_0 .net "C3", 0 0, L_000001bbb4276550;  1 drivers
o000001bbb422b8a8 .functor BUFZ 4, C4<zzzz>; HiZ drive
v000001bbb4275000_0 .net "a", 3 0, o000001bbb422b8a8;  0 drivers
o000001bbb422b8d8 .functor BUFZ 4, C4<zzzz>; HiZ drive
v000001bbb42755a0_0 .net "b", 3 0, o000001bbb422b8d8;  0 drivers
o000001bbb422b6c8 .functor BUFZ 1, C4<z>; HiZ drive
v000001bbb4274e20_0 .net "ci", 0 0, o000001bbb422b6c8;  0 drivers
v000001bbb4275b40_0 .net "co", 0 0, L_000001bbb4276940;  1 drivers
v000001bbb4274b00_0 .net "so", 3 0, L_000001bbb4275780;  1 drivers
L_000001bbb42744c0 .part o000001bbb422b8a8, 0, 1;
L_000001bbb4274100 .part o000001bbb422b8d8, 0, 1;
L_000001bbb4274240 .part o000001bbb422b8a8, 1, 1;
L_000001bbb42742e0 .part o000001bbb422b8d8, 1, 1;
L_000001bbb4275640 .part o000001bbb422b8a8, 2, 1;
L_000001bbb4274ba0 .part o000001bbb422b8d8, 2, 1;
L_000001bbb4274ce0 .part o000001bbb422b8a8, 3, 1;
L_000001bbb42756e0 .part o000001bbb422b8d8, 3, 1;
L_000001bbb4275780 .concat8 [ 1 1 1 1], L_000001bbb42174e0, L_000001bbb42176a0, L_000001bbb4276a90, L_000001bbb4276ef0;
S_000001bbb4226b00 .scope module, "sum_cuatro" "sum_un_bit_uno" 2 36, 3 1 0, S_000001bbb4226970;
 .timescale 0 0;
    .port_info 0 /INPUT 1 "A";
    .port_info 1 /INPUT 1 "B";
    .port_info 2 /INPUT 1 "Ci";
    .port_info 3 /OUTPUT 1 "So";
    .port_info 4 /OUTPUT 1 "Co";
L_000001bbb42765c0 .functor XOR 1, L_000001bbb4274ce0, L_000001bbb42756e0, C4<0>, C4<0>;
L_000001bbb4276ef0 .functor XOR 1, L_000001bbb42765c0, L_000001bbb4276550, C4<0>, C4<0>;
L_000001bbb4277270 .functor AND 1, L_000001bbb42765c0, L_000001bbb4276550, C4<1>, C4<1>;
L_000001bbb4276cc0 .functor AND 1, L_000001bbb4274ce0, L_000001bbb42756e0, C4<1>, C4<1>;
L_000001bbb4276940 .functor OR 1, L_000001bbb4277270, L_000001bbb4276cc0, C4<0>, C4<0>;
v000001bbb4217890_0 .net "A", 0 0, L_000001bbb4274ce0;  1 drivers
v000001bbb42181f0_0 .net "B", 0 0, L_000001bbb42756e0;  1 drivers
v000001bbb4218470_0 .net "Ci", 0 0, L_000001bbb4276550;  alias, 1 drivers
v000001bbb42186f0_0 .net "Co", 0 0, L_000001bbb4276940;  alias, 1 drivers
v000001bbb4218510_0 .net "So", 0 0, L_000001bbb4276ef0;  1 drivers
v000001bbb4218790_0 .net "a_ab", 0 0, L_000001bbb4276cc0;  1 drivers
v000001bbb4218330_0 .net "cout_t", 0 0, L_000001bbb4277270;  1 drivers
v000001bbb4217bb0_0 .net "x_ab", 0 0, L_000001bbb42765c0;  1 drivers
S_000001bbb42233f0 .scope module, "sum_dos" "sum_un_bit_uno" 2 20, 3 1 0, S_000001bbb4226970;
 .timescale 0 0;
    .port_info 0 /INPUT 1 "A";
    .port_info 1 /INPUT 1 "B";
    .port_info 2 /INPUT 1 "Ci";
    .port_info 3 /OUTPUT 1 "So";
    .port_info 4 /OUTPUT 1 "Co";
L_000001bbb4217160 .functor XOR 1, L_000001bbb4274240, L_000001bbb42742e0, C4<0>, C4<0>;
L_000001bbb42176a0 .functor XOR 1, L_000001bbb4217160, L_000001bbb42170f0, C4<0>, C4<0>;
L_000001bbb4277200 .functor AND 1, L_000001bbb4217160, L_000001bbb42170f0, C4<1>, C4<1>;
L_000001bbb4276e80 .functor AND 1, L_000001bbb4274240, L_000001bbb42742e0, C4<1>, C4<1>;
L_000001bbb42764e0 .functor OR 1, L_000001bbb4277200, L_000001bbb4276e80, C4<0>, C4<0>;
v000001bbb4217cf0_0 .net "A", 0 0, L_000001bbb4274240;  1 drivers
v000001bbb4217d90_0 .net "B", 0 0, L_000001bbb42742e0;  1 drivers
v000001bbb4217ed0_0 .net "Ci", 0 0, L_000001bbb42170f0;  alias, 1 drivers
v000001bbb4218150_0 .net "Co", 0 0, L_000001bbb42764e0;  alias, 1 drivers
v000001bbb4275e60_0 .net "So", 0 0, L_000001bbb42176a0;  1 drivers
v000001bbb42741a0_0 .net "a_ab", 0 0, L_000001bbb4276e80;  1 drivers
v000001bbb4275c80_0 .net "cout_t", 0 0, L_000001bbb4277200;  1 drivers
v000001bbb4275280_0 .net "x_ab", 0 0, L_000001bbb4217160;  1 drivers
S_000001bbb4276020 .scope module, "sum_tres" "sum_un_bit_uno" 2 28, 3 1 0, S_000001bbb4226970;
 .timescale 0 0;
    .port_info 0 /INPUT 1 "A";
    .port_info 1 /INPUT 1 "B";
    .port_info 2 /INPUT 1 "Ci";
    .port_info 3 /OUTPUT 1 "So";
    .port_info 4 /OUTPUT 1 "Co";
L_000001bbb4276390 .functor XOR 1, L_000001bbb4275640, L_000001bbb4274ba0, C4<0>, C4<0>;
L_000001bbb4276a90 .functor XOR 1, L_000001bbb4276390, L_000001bbb42764e0, C4<0>, C4<0>;
L_000001bbb4276e10 .functor AND 1, L_000001bbb4276390, L_000001bbb42764e0, C4<1>, C4<1>;
L_000001bbb4277040 .functor AND 1, L_000001bbb4275640, L_000001bbb4274ba0, C4<1>, C4<1>;
L_000001bbb4276550 .functor OR 1, L_000001bbb4276e10, L_000001bbb4277040, C4<0>, C4<0>;
v000001bbb42749c0_0 .net "A", 0 0, L_000001bbb4275640;  1 drivers
v000001bbb4275500_0 .net "B", 0 0, L_000001bbb4274ba0;  1 drivers
v000001bbb4275d20_0 .net "Ci", 0 0, L_000001bbb42764e0;  alias, 1 drivers
v000001bbb4275dc0_0 .net "Co", 0 0, L_000001bbb4276550;  alias, 1 drivers
v000001bbb4274560_0 .net "So", 0 0, L_000001bbb4276a90;  1 drivers
v000001bbb4274f60_0 .net "a_ab", 0 0, L_000001bbb4277040;  1 drivers
v000001bbb4274a60_0 .net "cout_t", 0 0, L_000001bbb4276e10;  1 drivers
v000001bbb4275f00_0 .net "x_ab", 0 0, L_000001bbb4276390;  1 drivers
S_000001bbb42761b0 .scope module, "sum_uno" "sum_un_bit_uno" 2 12, 3 1 0, S_000001bbb4226970;
 .timescale 0 0;
    .port_info 0 /INPUT 1 "A";
    .port_info 1 /INPUT 1 "B";
    .port_info 2 /INPUT 1 "Ci";
    .port_info 3 /OUTPUT 1 "So";
    .port_info 4 /OUTPUT 1 "Co";
L_000001bbb4217320 .functor XOR 1, L_000001bbb42744c0, L_000001bbb4274100, C4<0>, C4<0>;
L_000001bbb42174e0 .functor XOR 1, L_000001bbb4217320, o000001bbb422b6c8, C4<0>, C4<0>;
L_000001bbb4217550 .functor AND 1, L_000001bbb4217320, o000001bbb422b6c8, C4<1>, C4<1>;
L_000001bbb4217390 .functor AND 1, L_000001bbb42744c0, L_000001bbb4274100, C4<1>, C4<1>;
L_000001bbb42170f0 .functor OR 1, L_000001bbb4217550, L_000001bbb4217390, C4<0>, C4<0>;
v000001bbb4275140_0 .net "A", 0 0, L_000001bbb42744c0;  1 drivers
v000001bbb4275a00_0 .net "B", 0 0, L_000001bbb4274100;  1 drivers
v000001bbb4274600_0 .net "Ci", 0 0, o000001bbb422b6c8;  alias, 0 drivers
v000001bbb42750a0_0 .net "Co", 0 0, L_000001bbb42170f0;  alias, 1 drivers
v000001bbb42751e0_0 .net "So", 0 0, L_000001bbb42174e0;  1 drivers
v000001bbb4274c40_0 .net "a_ab", 0 0, L_000001bbb4217390;  1 drivers
v000001bbb4275320_0 .net "cout_t", 0 0, L_000001bbb4217550;  1 drivers
v000001bbb4275460_0 .net "x_ab", 0 0, L_000001bbb4217320;  1 drivers
# The file index is used to find the file name in the following table.
:file_names 4;
    "N/A";
    "<interactive>";
    "scr\sum_cuatro_bit.v";
    "././scr/sum_un_bit_uno.v";
